<?xml version="1.0" encoding="UTF-8"?>
<!-- Generated by org.testng.reporters.JUnitReportReporter -->
<testsuite hostname="Akshay-singh" failures="0" tests="2" name="testNgPack.Test3" time="0.002" errors="0" timestamp="2023-10-04T12:28:49 IST" skipped="0">
  <testcase classname="testNgPack.Test3" name="WebLoginCar" time="0.001"/>
  <testcase classname="testNgPack.Test3" name="MobileLoginCar" time="0.001"/>
</testsuite> <!-- testNgPack.Test3 -->
