<?xml version="1.0" encoding="UTF-8"?>
<!-- Generated by org.testng.reporters.JUnitReportReporter -->
<testsuite hostname="Akshay-singh" failures="0" tests="2" name="testNgPack.Test1" time="0.013" errors="0" timestamp="2023-10-02T16:30:00 IST" skipped="0">
  <testcase classname="testNgPack.Test1" name="demo2" time="0.003"/>
  <testcase classname="testNgPack.Test1" name="Demo" time="0.010"/>
</testsuite> <!-- testNgPack.Test1 -->
