<?xml version="1.0" encoding="UTF-8"?>
<!-- Generated by org.testng.reporters.JUnitReportReporter -->
<testsuite hostname="Akshay-singh" failures="0" tests="3" name="testNgPack.Test4" time="0.012" errors="0" timestamp="2023-10-03T16:03:31 IST" skipped="0">
  <testcase classname="testNgPack.Test4" name="ApiLoginHome" time="0.001"/>
  <testcase classname="testNgPack.Test4" name="MobileLoginHome" time="0.002"/>
  <testcase classname="testNgPack.Test4" name="WebLoginHome" time="0.009"/>
</testsuite> <!-- testNgPack.Test4 -->
