<?xml version="1.0" encoding="UTF-8"?>
<!-- Generated by org.testng.reporters.JUnitReportReporter -->
<testsuite hostname="Akshay-singh" failures="0" tests="1" name="anotationTest.Test1" time="0.003" errors="0" timestamp="2023-10-04T14:56:33 IST" skipped="0">
  <testcase classname="anotationTest.Test1" name="Demo" time="0.003"/>
</testsuite> <!-- anotationTest.Test1 -->
