<?xml version="1.0" encoding="UTF-8"?>
<!-- Generated by org.testng.reporters.JUnitReportReporter -->
<testsuite hostname="Akshay-singh" failures="0" tests="5" name="testNgPack.Test3" time="0.010" errors="0" timestamp="2023-10-03T16:03:31 IST" skipped="0">
  <testcase classname="testNgPack.Test3" name="ApiLoginCar" time="0.001"/>
  <testcase classname="testNgPack.Test3" name="ApiLoginCar1" time="0.002"/>
  <testcase classname="testNgPack.Test3" name="WebLoginCar" time="0.001"/>
  <testcase classname="testNgPack.Test3" name="MobileLoginCar" time="0.001"/>
  <testcase classname="testNgPack.Test3" name="ApiLoginCar2" time="0.005"/>
</testsuite> <!-- testNgPack.Test3 -->
