<?xml version="1.0" encoding="UTF-8"?>
<!-- Generated by org.testng.reporters.JUnitReportReporter -->
<testsuite hostname="Akshay-singh" failures="0" tests="1" name="testNgPack.Test4" time="0.002" errors="0" timestamp="2023-10-02T17:53:06 IST" skipped="0">
  <testcase classname="testNgPack.Test4" name="ApiLoginHome" time="0.002"/>
</testsuite> <!-- testNgPack.Test4 -->
