<?xml version="1.0" encoding="UTF-8"?>
<!-- Generated by org.testng.reporters.JUnitReportReporter -->
<testsuite hostname="Akshay-singh" failures="0" tests="1" name="anotationTest.Test2" time="0.008" errors="0" timestamp="2023-10-04T14:56:33 IST" skipped="0">
  <testcase classname="anotationTest.Test2" name="Demo3" time="0.008"/>
</testsuite> <!-- anotationTest.Test2 -->
